c:\users\dalia\onedrive\desktop\bitauth\bitcheats\opensource-reseller-loader\intermediatebuildfiles\x64\release\main.obj
c:\users\dalia\onedrive\desktop\bitauth\bitcheats\opensource-reseller-loader\intermediatebuildfiles\x64\release\fileutils.obj
c:\users\dalia\onedrive\desktop\bitauth\bitcheats\opensource-reseller-loader\intermediatebuildfiles\x64\release\imgui_widgets.obj
c:\users\dalia\onedrive\desktop\bitauth\bitcheats\opensource-reseller-loader\intermediatebuildfiles\x64\release\imgui_tables.obj
c:\users\dalia\onedrive\desktop\bitauth\bitcheats\opensource-reseller-loader\intermediatebuildfiles\x64\release\imgui_impl_win32.obj
c:\users\dalia\onedrive\desktop\bitauth\bitcheats\opensource-reseller-loader\intermediatebuildfiles\x64\release\imgui_impl_dx11.obj
c:\users\dalia\onedrive\desktop\bitauth\bitcheats\opensource-reseller-loader\intermediatebuildfiles\x64\release\imgui_draw.obj
c:\users\dalia\onedrive\desktop\bitauth\bitcheats\opensource-reseller-loader\intermediatebuildfiles\x64\release\imgui_demo.obj
c:\users\dalia\onedrive\desktop\bitauth\bitcheats\opensource-reseller-loader\intermediatebuildfiles\x64\release\imgui.obj
c:\users\dalia\onedrive\desktop\bitauth\bitcheats\opensource-reseller-loader\intermediatebuildfiles\x64\release\menu.obj
c:\users\dalia\onedrive\desktop\bitauth\bitcheats\opensource-reseller-loader\intermediatebuildfiles\x64\release\loaderthreads.obj
c:\users\dalia\onedrive\desktop\bitauth\bitcheats\opensource-reseller-loader\intermediatebuildfiles\x64\release\gui.obj
e:\users\dalia\onedrive\desktop\bitauth\bitcheats\opensource-reseller-loader\x64\release\resellers.exe
c:\users\dalia\onedrive\desktop\bitauth\bitcheats\opensource-reseller-loader\x64\release\resellers.exe
c:\users\dalia\onedrive\desktop\bitauth\bitcheats\opensource-reseller-loader\intermediatebuildfiles\x64\release\resellers.tlog\cl.command.1.tlog
c:\users\dalia\onedrive\desktop\bitauth\bitcheats\opensource-reseller-loader\intermediatebuildfiles\x64\release\resellers.tlog\cl.read.1.tlog
c:\users\dalia\onedrive\desktop\bitauth\bitcheats\opensource-reseller-loader\intermediatebuildfiles\x64\release\resellers.tlog\cl.write.1.tlog
c:\users\dalia\onedrive\desktop\bitauth\bitcheats\opensource-reseller-loader\intermediatebuildfiles\x64\release\resellers.tlog\link.command.1.tlog
c:\users\dalia\onedrive\desktop\bitauth\bitcheats\opensource-reseller-loader\intermediatebuildfiles\x64\release\resellers.tlog\link.read.1.tlog
c:\users\dalia\onedrive\desktop\bitauth\bitcheats\opensource-reseller-loader\intermediatebuildfiles\x64\release\resellers.tlog\link.write.1.tlog
